Print each value from every line of csv file.

line: 1

line: 2
-------------------
value: 313.76
-------------------
before std::stof function calling ------
Print each value from every line of csv file.

line: 0
line: 1
-------------------
value:[313.76]
-------------------
-------------------
value:[316.19]
-------------------
-------------------
value:[311.91]
-------------------
-------------------
value:[314.86]
-------------------
-------------------
value:[314.86]
-------------------
-------------------
value:[3.63368e+07]
-------------------

line: 2
-------------------
value:[317.02]
-------------------
-------------------
value:[323.45]
-------------------
-------------------
value:[315.78]
-------------------
-------------------
value:[317.31]
-------------------
-------------------
value:[317.31]
-------------------
-------------------
value:[4.32578e+07]
-------------------

line: 3
-------------------
value:[314.72]
-------------------
-------------------
value:[316.91]
-------------------
-------------------
value:[312.17]
-------------------
-------------------
value:[315.32]
-------------------
-------------------
value:[315.32]
-------------------
-------------------
value:[3.41323e+07]
-------------------

line: 4
-------------------
value:[310.51]
-------------------
-------------------
value:[316.53]
-------------------
-------------------
value:[308.16]
-------------------
-------------------
value:[316.22]
-------------------
-------------------
value:[316.22]
-------------------
-------------------
value:[4.81245e+07]
-------------------

line: 5
-------------------
value:[311.91]
-------------------
-------------------
value:[314.82]
-------------------
-------------------
value:[307.05]
-------------------
-------------------
value:[313.39]
-------------------
-------------------
value:[313.39]
-------------------
-------------------
value:[4.13235e+07]
-------------------

line: 6
-------------------
value:[315.29]
-------------------
-------------------
value:[315.48]
-------------------
-------------------
value:[310.15]
-------------------
-------------------
value:[310.66]
-------------------
-------------------
value:[310.66]
-------------------
-------------------
value:[4.249e+07]
-------------------

line: 7
-------------------
value:[307.36]
-------------------
-------------------
value:[314.2]
-------------------
-------------------
value:[307]
-------------------
-------------------
value:[312.66]
-------------------
-------------------
value:[312.66]
-------------------
-------------------
value:[5.359e+07]
-------------------

line: 8
-------------------
value:[294.12]
-------------------
-------------------
value:[309.42]
-------------------
-------------------
value:[293.68]
-------------------
-------------------
value:[308.63]
-------------------
-------------------
value:[308.63]
-------------------
-------------------
value:[7.53528e+07]
-------------------

line: 9
-------------------
value:[293.44]
-------------------
-------------------
value:[296.59]
-------------------
-------------------
value:[289.2]
-------------------
-------------------
value:[294.38]
-------------------
-------------------
value:[294.38]
-------------------
-------------------
value:[5.01642e+07]
-------------------

line: 10
-------------------
value:[281.17]
-------------------
-------------------
value:[289.94]
-------------------
-------------------
value:[280.7]
-------------------
-------------------
value:[289.36]
-------------------
-------------------
value:[289.36]
-------------------
-------------------
value:[6.51002e+07]
-------------------

line: 11
-------------------
value:[286.73]
-------------------
-------------------
value:[288.37]
-------------------
-------------------
value:[279.85]
-------------------
-------------------
value:[281.74]
-------------------
-------------------
value:[281.74]
-------------------
-------------------
value:[6.6427e+07]
-------------------

line: 12
-------------------
value:[275]
-------------------
-------------------
value:[285.95]
-------------------
-------------------
value:[274.21]
-------------------
-------------------
value:[283.78]
-------------------
-------------------
value:[283.78]
-------------------
-------------------
value:[2.61776e+08]
-------------------

line: 13
-------------------
value:[287.4]
-------------------
-------------------
value:[288.8]
-------------------
-------------------
value:[273.75]
-------------------
-------------------
value:[275.15]
-------------------
-------------------
value:[275.15]
-------------------
-------------------
value:[1.07014e+08]
-------------------

line: 14
-------------------
value:[295.36]
-------------------
-------------------
value:[299.7]
-------------------
-------------------
value:[292.94]
-------------------
-------------------
value:[293.08]
-------------------
-------------------
value:[293.08]
-------------------
-------------------
value:[5.30819e+07]
-------------------

line: 15
-------------------
value:[297.54]
-------------------
-------------------
value:[301.64]
-------------------
-------------------
value:[294.18]
-------------------
-------------------
value:[294.3]
-------------------
-------------------
value:[294.3]
-------------------
-------------------
value:[5.20109e+07]
-------------------

line: 16
-------------------
value:[297.31]
-------------------
-------------------
value:[302.42]
-------------------
-------------------
value:[296.76]
-------------------
-------------------
value:[297.01]
-------------------
-------------------
value:[297.01]
-------------------
-------------------
value:[4.48799e+07]
-------------------

line: 17
-------------------
value:[298.11]
-------------------
-------------------
value:[300.57]
-------------------
-------------------
value:[295.62]
-------------------
-------------------
value:[298.01]
-------------------
-------------------
value:[298.01]
-------------------
-------------------
value:[8.59622e+07]
-------------------

line: 18
-------------------
value:[300.85]
-------------------
-------------------
value:[302.07]
-------------------
-------------------
value:[294.36]
-------------------
-------------------
value:[295.95]
-------------------
-------------------
value:[295.95]
-------------------
-------------------
value:[4.27451e+07]
-------------------

line: 19
-------------------
value:[295.25]
-------------------
-------------------
value:[300.48]
-------------------
-------------------
value:[293.97]
-------------------
-------------------
value:[299.24]
-------------------
-------------------
value:[299.24]
-------------------
-------------------
value:[3.98744e+07]
-------------------

line: 20
-------------------
value:[294.12]
-------------------
-------------------
value:[297.78]
-------------------
-------------------
value:[291.7]
-------------------
-------------------
value:[296.42]
-------------------
-------------------
value:[296.42]
-------------------
-------------------
value:[4.57326e+07]
-------------------

line: 21
-------------------
value:[296.03]
-------------------
-------------------
value:[297.14]
-------------------
-------------------
value:[289.62]
-------------------
-------------------
value:[291.13]
-------------------
-------------------
value:[291.13]
-------------------
-------------------
value:[3.87421e+07]
-------------------

line: 22
-------------------
value:[293.72]
-------------------
-------------------
value:[297]
-------------------
-------------------
value:[289.59]
-------------------
-------------------
value:[295.63]
-------------------
-------------------
value:[295.63]
-------------------
-------------------
value:[4.25725e+07]
-------------------

line: 23
-------------------
value:[290.74]
-------------------
-------------------
value:[294.75]
-------------------
-------------------
value:[287.38]
-------------------
-------------------
value:[291.58]
-------------------
-------------------
value:[291.58]
-------------------
-------------------
value:[5.27933e+07]
-------------------

line: 24
-------------------
value:[300.28]
-------------------
-------------------
value:[300.75]
-------------------
-------------------
value:[287.78]
-------------------
-------------------
value:[290.55]
-------------------
-------------------
value:[290.55]
-------------------
-------------------
value:[7.01088e+07]
-------------------

line: 25
-------------------
value:[308.74]
-------------------
-------------------
value:[317.4]
-------------------
-------------------
value:[301.17]
-------------------
-------------------
value:[301.54]
-------------------
-------------------
value:[301.54]
-------------------
-------------------
value:[7.79491e+07]
-------------------

line: 26
-------------------
value:[312.86]
-------------------
-------------------
value:[315.17]
-------------------
-------------------
value:[307.15]
-------------------
-------------------
value:[307.34]
-------------------
-------------------
value:[307.34]
-------------------
-------------------
value:[6.53105e+07]
-------------------

line: 27
-------------------
value:[313.23]
-------------------
-------------------
value:[313.54]
-------------------
-------------------
value:[309.65]
-------------------
-------------------
value:[311.23]
-------------------
-------------------
value:[311.23]
-------------------
-------------------
value:[4.48691e+07]
-------------------

line: 28
-------------------
value:[314.18]
-------------------
-------------------
value:[316.94]
-------------------
-------------------
value:[308.85]
-------------------
-------------------
value:[310.26]
-------------------
-------------------
value:[310.26]
-------------------
-------------------
value:[5.08367e+07]
-------------------

line: 29
-------------------
value:[307.46]
-------------------
-------------------
value:[315.45]
-------------------
-------------------
value:[306.69]
-------------------
-------------------
value:[315.2]
-------------------
-------------------
value:[315.2]
-------------------
-------------------
value:[4.45347e+07]
-------------------

line: 30
-------------------
value:[309.63]
-------------------
-------------------
value:[310.94]
-------------------
-------------------
value:[305.02]
-------------------
-------------------
value:[306.31]
-------------------
-------------------
value:[306.31]
-------------------
-------------------
value:[4.88499e+07]
-------------------

line: 31
-------------------
value:[311.78]
-------------------
-------------------
value:[315]
-------------------
-------------------
value:[309.53]
-------------------
-------------------
value:[312.06]
-------------------
-------------------
value:[312.06]
-------------------
-------------------
value:[7.00268e+07]
-------------------

line: 32
-------------------
value:[310.68]
-------------------
-------------------
value:[312.8]
-------------------
-------------------
value:[309.57]
-------------------
-------------------
value:[312.51]
-------------------
-------------------
value:[312.51]
-------------------
-------------------
value:[4.82204e+07]
-------------------

line: 33
-------------------
value:[308.33]
-------------------
-------------------
value:[313.26]
-------------------
-------------------
value:[308.3]
-------------------
-------------------
value:[310.85]
-------------------
-------------------
value:[310.85]
-------------------
-------------------
value:[5.04309e+07]
-------------------

line: 34
-------------------
value:[309.56]
-------------------
-------------------
value:[311.82]
-------------------
-------------------
value:[307.67]
-------------------
-------------------
value:[308.33]
-------------------
-------------------
value:[308.33]
-------------------
-------------------
value:[4.80005e+07]
-------------------

line: 35
-------------------
value:[306.12]
-------------------
-------------------
value:[311.4]
-------------------
-------------------
value:[305.84]
-------------------
-------------------
value:[308.82]
-------------------
-------------------
value:[308.82]
-------------------
-------------------
value:[4.36702e+07]
-------------------

line: 36
-------------------
value:[301.06]
-------------------
-------------------
value:[305.54]
-------------------
-------------------
value:[300.4]
-------------------
-------------------
value:[304.99]
-------------------
-------------------
value:[304.99]
-------------------
-------------------
value:[4.29651e+07]
-------------------

line: 37
-------------------
value:[298.18]
-------------------
-------------------
value:[302.8]
-------------------
-------------------
value:[298.08]
-------------------
-------------------
value:[302.25]
-------------------
-------------------
value:[302.25]
-------------------
-------------------
value:[3.82298e+07]
-------------------

line: 38
-------------------
value:[296.97]
-------------------
-------------------
value:[300.51]
-------------------
-------------------
value:[296.35]
-------------------
-------------------
value:[298.97]
-------------------
-------------------
value:[298.97]
-------------------
-------------------
value:[4.22436e+07]
-------------------

line: 39
-------------------
value:[300.24]
-------------------
-------------------
value:[300.66]
-------------------
-------------------
value:[294.91]
-------------------
-------------------
value:[297.84]
-------------------
-------------------
value:[297.84]
-------------------
-------------------
value:[3.4483e+07]
-------------------

line: 40
-------------------
value:[297.9]
-------------------
-------------------
value:[303.2]
-------------------
-------------------
value:[296.52]
-------------------
-------------------
value:[300.23]
-------------------
-------------------
value:[300.23]
-------------------
-------------------
value:[5.48628e+07]
-------------------

line: 41
-------------------
value:[299.82]
-------------------
-------------------
value:[300.45]
-------------------
-------------------
value:[295.38]
-------------------
-------------------
value:[298.21]
-------------------
-------------------
value:[298.21]
-------------------
-------------------
value:[3.53249e+07]
-------------------

line: 42
-------------------
value:[293.5]
-------------------
-------------------
value:[300.92]
-------------------
-------------------
value:[293.5]
-------------------
-------------------
value:[298.87]
-------------------
-------------------
value:[298.87]
-------------------
-------------------
value:[5.26843e+07]
-------------------

line: 43
-------------------
value:[292.56]
-------------------
-------------------
value:[295.27]
-------------------
-------------------
value:[292.56]
-------------------
-------------------
value:[294.8]
-------------------
-------------------
value:[294.8]
-------------------
-------------------
value:[4.57481e+07]
-------------------



--------------------------
values [row=1]:

313.76
316.19
311.91
314.86
314.86
3.63368e+07

--------------------------

--------------------------
input_tensor:
 3.1376e+02
 3.1619e+02
 3.1191e+02
 3.1486e+02
 3.1486e+02
 3.6337e+07
[ CPUFloatType{6} ]
--------------------------

--------------------------
input [after forward method calling]:
1000000 *
 2.0297
[ CPUFloatType{1} ]
--------------------------

--------------------------
values [row=2]:

317.02
323.45
315.78
317.31
317.31
4.32578e+07

--------------------------

--------------------------
input_tensor:
 3.1702e+02
 3.2345e+02
 3.1578e+02
 3.1731e+02
 3.1731e+02
 4.3258e+07
[ CPUFloatType{6} ]
--------------------------

--------------------------
input [after forward method calling]:
1000000 *
 2.4163
[ CPUFloatType{1} ]
--------------------------

--------------------------
values [row=3]:

314.72
316.91
312.17
315.32
315.32
3.41323e+07

--------------------------

--------------------------
input_tensor:
 3.1472e+02
 3.1691e+02
 3.1217e+02
 3.1532e+02
 3.1532e+02
 3.4132e+07
[ CPUFloatType{6} ]
--------------------------

--------------------------
input [after forward method calling]:
1000000 *
 1.9066
[ CPUFloatType{1} ]
--------------------------

--------------------------
values [row=4]:

310.51
316.53
308.16
316.22
316.22
4.81245e+07

--------------------------

--------------------------
input_tensor:
 3.1051e+02
 3.1653e+02
 3.0816e+02
 3.1622e+02
 3.1622e+02
 4.8124e+07
[ CPUFloatType{6} ]
--------------------------

--------------------------
input [after forward method calling]:
1000000 *
 2.6882
[ CPUFloatType{1} ]
--------------------------

--------------------------
values [row=5]:

311.91
314.82
307.05
313.39
313.39
4.13235e+07

--------------------------

--------------------------
input_tensor:
 3.1191e+02
 3.1482e+02
 3.0705e+02
 3.1339e+02
 3.1339e+02
 4.1324e+07
[ CPUFloatType{6} ]
--------------------------

--------------------------
input [after forward method calling]:
1000000 *
 2.3083
[ CPUFloatType{1} ]
--------------------------

--------------------------
values [row=6]:

315.29
315.48
310.15
310.66
310.66
4.249e+07

--------------------------

--------------------------
input_tensor:
 3.1529e+02
 3.1548e+02
 3.1015e+02
 3.1066e+02
 3.1066e+02
 4.2490e+07
[ CPUFloatType{6} ]
--------------------------

--------------------------
input [after forward method calling]:
1000000 *
 2.3735
[ CPUFloatType{1} ]
--------------------------

--------------------------
values [row=7]:

307.36
314.2
307
312.66
312.66
5.359e+07

--------------------------

--------------------------
input_tensor:
 3.0736e+02
 3.1420e+02
 3.0700e+02
 3.1266e+02
 3.1266e+02
 5.3590e+07
[ CPUFloatType{6} ]
--------------------------

--------------------------
input [after forward method calling]:
1000000 *
 2.9935
[ CPUFloatType{1} ]
--------------------------

--------------------------
values [row=8]:

294.12
309.42
293.68
308.63
308.63
7.53528e+07

--------------------------

--------------------------
input_tensor:
 2.9412e+02
 3.0942e+02
 2.9368e+02
 3.0863e+02
 3.0863e+02
 7.5353e+07
[ CPUFloatType{6} ]
--------------------------

--------------------------
input [after forward method calling]:
4.20913e+06
[ CPUFloatType{1} ]
--------------------------

--------------------------
values [row=9]:

293.44
296.59
289.2
294.38
294.38
5.01642e+07

--------------------------

--------------------------
input_tensor:
 2.9344e+02
 2.9659e+02
 2.8920e+02
 2.9438e+02
 2.9438e+02
 5.0164e+07
[ CPUFloatType{6} ]
--------------------------

--------------------------
input [after forward method calling]:
2.80213e+06
[ CPUFloatType{1} ]
--------------------------

--------------------------
values [row=10]:

281.17
289.94
280.7
289.36
289.36
6.51002e+07

--------------------------

--------------------------
input_tensor:
 2.8117e+02
 2.8994e+02
 2.8070e+02
 2.8936e+02
 2.8936e+02
 6.5100e+07
[ CPUFloatType{6} ]
--------------------------

--------------------------
input [after forward method calling]:
1000000 *
 3.6364
[ CPUFloatType{1} ]
--------------------------

--------------------------
values [row=11]:

286.73
288.37
279.85
281.74
281.74
6.6427e+07

--------------------------

--------------------------
input_tensor:
 2.8673e+02
 2.8837e+02
 2.7985e+02
 2.8174e+02
 2.8174e+02
 6.6427e+07
[ CPUFloatType{6} ]
--------------------------

--------------------------
input [after forward method calling]:
1000000 *
 3.7105
[ CPUFloatType{1} ]
--------------------------

--------------------------
values [row=12]:

275
285.95
274.21
283.78
283.78
2.61776e+08

--------------------------

--------------------------
input_tensor:
 2.7500e+02
 2.8595e+02
 2.7421e+02
 2.8378e+02
 2.8378e+02
 2.6178e+08
[ CPUFloatType{6} ]
--------------------------

--------------------------
input [after forward method calling]:
1.46225e+07
[ CPUFloatType{1} ]
--------------------------

--------------------------
values [row=13]:

287.4
288.8
273.75
275.15
275.15
1.07014e+08

--------------------------

--------------------------
input_tensor:
 2.8740e+02
 2.8880e+02
 2.7375e+02
 2.7515e+02
 2.7515e+02
 1.0701e+08
[ CPUFloatType{6} ]
--------------------------

--------------------------
input [after forward method calling]:
1000000 *
 5.9777
[ CPUFloatType{1} ]
--------------------------

--------------------------
values [row=14]:

295.36
299.7
292.94
293.08
293.08
5.30819e+07

--------------------------

--------------------------
input_tensor:
 2.9536e+02
 2.9970e+02
 2.9294e+02
 2.9308e+02
 2.9308e+02
 5.3082e+07
[ CPUFloatType{6} ]
--------------------------

--------------------------
input [after forward method calling]:
2.96511e+06
[ CPUFloatType{1} ]
--------------------------

--------------------------
values [row=15]:

297.54
301.64
294.18
294.3
294.3
5.20109e+07

--------------------------

--------------------------
input_tensor:
 2.9754e+02
 3.0164e+02
 2.9418e+02
 2.9430e+02
 2.9430e+02
 5.2011e+07
[ CPUFloatType{6} ]
--------------------------

--------------------------
input [after forward method calling]:
1000000 *
 2.9053
[ CPUFloatType{1} ]
--------------------------

--------------------------
values [row=16]:

297.31
302.42
296.76
297.01
297.01
4.48799e+07

--------------------------

--------------------------
input_tensor:
 2.9731e+02
 3.0242e+02
 2.9676e+02
 2.9701e+02
 2.9701e+02
 4.4880e+07
[ CPUFloatType{6} ]
--------------------------

--------------------------
input [after forward method calling]:
1000000 *
 2.5070
[ CPUFloatType{1} ]
--------------------------

--------------------------
values [row=17]:

298.11
300.57
295.62
298.01
298.01
8.59622e+07

--------------------------

--------------------------
input_tensor:
 2.9811e+02
 3.0057e+02
 2.9562e+02
 2.9801e+02
 2.9801e+02
 8.5962e+07
[ CPUFloatType{6} ]
--------------------------

--------------------------
input [after forward method calling]:
4.80176e+06
[ CPUFloatType{1} ]
--------------------------

--------------------------
values [row=18]:

300.85
302.07
294.36
295.95
295.95
4.27451e+07

--------------------------

--------------------------
input_tensor:
 3.0085e+02
 3.0207e+02
 2.9436e+02
 2.9595e+02
 2.9595e+02
 4.2745e+07
[ CPUFloatType{6} ]
--------------------------

--------------------------
input [after forward method calling]:
1000000 *
 2.3877
[ CPUFloatType{1} ]
--------------------------

--------------------------
values [row=19]:

295.25
300.48
293.97
299.24
299.24
3.98744e+07

--------------------------

--------------------------
input_tensor:
 2.9525e+02
 3.0048e+02
 2.9397e+02
 2.9924e+02
 2.9924e+02
 3.9874e+07
[ CPUFloatType{6} ]
--------------------------

--------------------------
input [after forward method calling]:
1000000 *
 2.2274
[ CPUFloatType{1} ]
--------------------------

--------------------------
values [row=20]:

294.12
297.78
291.7
296.42
296.42
4.57326e+07

--------------------------

--------------------------
input_tensor:
 2.9412e+02
 2.9778e+02
 2.9170e+02
 2.9642e+02
 2.9642e+02
 4.5733e+07
[ CPUFloatType{6} ]
--------------------------

--------------------------
input [after forward method calling]:
1000000 *
 2.5546
[ CPUFloatType{1} ]
--------------------------

--------------------------
values [row=21]:

296.03
297.14
289.62
291.13
291.13
3.87421e+07

--------------------------

--------------------------
input_tensor:
 2.9603e+02
 2.9714e+02
 2.8962e+02
 2.9113e+02
 2.9113e+02
 3.8742e+07
[ CPUFloatType{6} ]
--------------------------

--------------------------
input [after forward method calling]:
1000000 *
 2.1641
[ CPUFloatType{1} ]
--------------------------

--------------------------
values [row=22]:

293.72
297
289.59
295.63
295.63
4.25725e+07

--------------------------

--------------------------
input_tensor:
 2.9372e+02
 2.9700e+02
 2.8959e+02
 2.9563e+02
 2.9563e+02
 4.2572e+07
[ CPUFloatType{6} ]
--------------------------

--------------------------
input [after forward method calling]:
2.37807e+06
[ CPUFloatType{1} ]
--------------------------

--------------------------
values [row=23]:

290.74
294.75
287.38
291.58
291.58
5.27933e+07

--------------------------

--------------------------
input_tensor:
 2.9074e+02
 2.9475e+02
 2.8738e+02
 2.9158e+02
 2.9158e+02
 5.2793e+07
[ CPUFloatType{6} ]
--------------------------

--------------------------
input [after forward method calling]:
1000000 *
 2.9490
[ CPUFloatType{1} ]
--------------------------

--------------------------
values [row=24]:

300.28
300.75
287.78
290.55
290.55
7.01088e+07

--------------------------

--------------------------
input_tensor:
 3.0028e+02
 3.0075e+02
 2.8778e+02
 2.9055e+02
 2.9055e+02
 7.0109e+07
[ CPUFloatType{6} ]
--------------------------

--------------------------
input [after forward method calling]:
3.91621e+06
[ CPUFloatType{1} ]
--------------------------

--------------------------
values [row=25]:

308.74
317.4
301.17
301.54
301.54
7.79491e+07

--------------------------

--------------------------
input_tensor:
 3.0874e+02
 3.1740e+02
 3.0117e+02
 3.0154e+02
 3.0154e+02
 7.7949e+07
[ CPUFloatType{6} ]
--------------------------

--------------------------
input [after forward method calling]:
1000000 *
 4.3542
[ CPUFloatType{1} ]
--------------------------

--------------------------
values [row=26]:

312.86
315.17
307.15
307.34
307.34
6.53105e+07

--------------------------

--------------------------
input_tensor:
 3.1286e+02
 3.1517e+02
 3.0715e+02
 3.0734e+02
 3.0734e+02
 6.5310e+07
[ CPUFloatType{6} ]
--------------------------

--------------------------
input [after forward method calling]:
3.64818e+06
[ CPUFloatType{1} ]
--------------------------

--------------------------
values [row=27]:

313.23
313.54
309.65
311.23
311.23
4.48691e+07

--------------------------

--------------------------
input_tensor:
 3.1323e+02
 3.1354e+02
 3.0965e+02
 3.1123e+02
 3.1123e+02
 4.4869e+07
[ CPUFloatType{6} ]
--------------------------

--------------------------
input [after forward method calling]:
1000000 *
 2.5064
[ CPUFloatType{1} ]
--------------------------

--------------------------
values [row=28]:

314.18
316.94
308.85
310.26
310.26
5.08367e+07

--------------------------

--------------------------
input_tensor:
 3.1418e+02
 3.1694e+02
 3.0885e+02
 3.1026e+02
 3.1026e+02
 5.0837e+07
[ CPUFloatType{6} ]
--------------------------

--------------------------
input [after forward method calling]:
1000000 *
 2.8397
[ CPUFloatType{1} ]
--------------------------

--------------------------
values [row=29]:

307.46
315.45
306.69
315.2
315.2
4.45347e+07

--------------------------

--------------------------
input_tensor:
 3.0746e+02
 3.1545e+02
 3.0669e+02
 3.1520e+02
 3.1520e+02
 4.4535e+07
[ CPUFloatType{6} ]
--------------------------

--------------------------
input [after forward method calling]:
1000000 *
 2.4877
[ CPUFloatType{1} ]
--------------------------

--------------------------
values [row=30]:

309.63
310.94
305.02
306.31
306.31
4.88499e+07

--------------------------

--------------------------
input_tensor:
 3.0963e+02
 3.1094e+02
 3.0502e+02
 3.0631e+02
 3.0631e+02
 4.8850e+07
[ CPUFloatType{6} ]
--------------------------

--------------------------
input [after forward method calling]:
1000000 *
 2.7287
[ CPUFloatType{1} ]
--------------------------

--------------------------
values [row=31]:

311.78
315
309.53
312.06
312.06
7.00268e+07

--------------------------

--------------------------
input_tensor:
 3.1178e+02
 3.1500e+02
 3.0953e+02
 3.1206e+02
 3.1206e+02
 7.0027e+07
[ CPUFloatType{6} ]
--------------------------

--------------------------
input [after forward method calling]:
1000000 *
 3.9116
[ CPUFloatType{1} ]
--------------------------

--------------------------
values [row=32]:

310.68
312.8
309.57
312.51
312.51
4.82204e+07

--------------------------

--------------------------
input_tensor:
 3.1068e+02
 3.1280e+02
 3.0957e+02
 3.1251e+02
 3.1251e+02
 4.8220e+07
[ CPUFloatType{6} ]
--------------------------

--------------------------
input [after forward method calling]:
2.69355e+06
[ CPUFloatType{1} ]
--------------------------

--------------------------
values [row=33]:

308.33
313.26
308.3
310.85
310.85
5.04309e+07

--------------------------

--------------------------
input_tensor:
 3.0833e+02
 3.1326e+02
 3.0830e+02
 3.1085e+02
 3.1085e+02
 5.0431e+07
[ CPUFloatType{6} ]
--------------------------

--------------------------
input [after forward method calling]:
1000000 *
 2.8170
[ CPUFloatType{1} ]
--------------------------

--------------------------
values [row=34]:

309.56
311.82
307.67
308.33
308.33
4.80005e+07

--------------------------

--------------------------
input_tensor:
 3.0956e+02
 3.1182e+02
 3.0767e+02
 3.0833e+02
 3.0833e+02
 4.8000e+07
[ CPUFloatType{6} ]
--------------------------

--------------------------
input [after forward method calling]:
1000000 *
 2.6813
[ CPUFloatType{1} ]
--------------------------

--------------------------
values [row=35]:

306.12
311.4
305.84
308.82
308.82
4.36702e+07

--------------------------

--------------------------
input_tensor:
 3.0612e+02
 3.1140e+02
 3.0584e+02
 3.0882e+02
 3.0882e+02
 4.3670e+07
[ CPUFloatType{6} ]
--------------------------

--------------------------
input [after forward method calling]:
2.43938e+06
[ CPUFloatType{1} ]
--------------------------

--------------------------
values [row=36]:

301.06
305.54
300.4
304.99
304.99
4.29651e+07

--------------------------

--------------------------
input_tensor:
 3.0106e+02
 3.0554e+02
 3.0040e+02
 3.0499e+02
 3.0499e+02
 4.2965e+07
[ CPUFloatType{6} ]
--------------------------

--------------------------
input [after forward method calling]:
1000000 *
 2.4000
[ CPUFloatType{1} ]
--------------------------

--------------------------
values [row=37]:

298.18
302.8
298.08
302.25
302.25
3.82298e+07

--------------------------

--------------------------
input_tensor:
 2.9818e+02
 3.0280e+02
 2.9808e+02
 3.0225e+02
 3.0225e+02
 3.8230e+07
[ CPUFloatType{6} ]
--------------------------

--------------------------
input [after forward method calling]:
1000000 *
 2.1355
[ CPUFloatType{1} ]
--------------------------

--------------------------
values [row=38]:

296.97
300.51
296.35
298.97
298.97
4.22436e+07

--------------------------

--------------------------
input_tensor:
 2.9697e+02
 3.0051e+02
 2.9635e+02
 2.9897e+02
 2.9897e+02
 4.2244e+07
[ CPUFloatType{6} ]
--------------------------

--------------------------
input [after forward method calling]:
1000000 *
 2.3597
[ CPUFloatType{1} ]
--------------------------

--------------------------
values [row=39]:

300.24
300.66
294.91
297.84
297.84
3.4483e+07

--------------------------

--------------------------
input_tensor:
 3.0024e+02
 3.0066e+02
 2.9491e+02
 2.9784e+02
 2.9784e+02
 3.4483e+07
[ CPUFloatType{6} ]
--------------------------

--------------------------
input [after forward method calling]:
1000000 *
 1.9262
[ CPUFloatType{1} ]
--------------------------

--------------------------
values [row=40]:

297.9
303.2
296.52
300.23
300.23
5.48628e+07

--------------------------

--------------------------
input_tensor:
 2.9790e+02
 3.0320e+02
 2.9652e+02
 3.0023e+02
 3.0023e+02
 5.4863e+07
[ CPUFloatType{6} ]
--------------------------

--------------------------
input [after forward method calling]:
1000000 *
 3.0646
[ CPUFloatType{1} ]
--------------------------

--------------------------
values [row=41]:

299.82
300.45
295.38
298.21
298.21
3.53249e+07

--------------------------

--------------------------
input_tensor:
 2.9982e+02
 3.0045e+02
 2.9538e+02
 2.9821e+02
 2.9821e+02
 3.5325e+07
[ CPUFloatType{6} ]
--------------------------

--------------------------
input [after forward method calling]:
1000000 *
 1.9732
[ CPUFloatType{1} ]
--------------------------

--------------------------
values [row=42]:

293.5
300.92
293.5
298.87
298.87
5.26843e+07

--------------------------

--------------------------
input_tensor:
 2.9350e+02
 3.0092e+02
 2.9350e+02
 2.9887e+02
 2.9887e+02
 5.2684e+07
[ CPUFloatType{6} ]
--------------------------

--------------------------
input [after forward method calling]:
1000000 *
 2.9429
[ CPUFloatType{1} ]
--------------------------

--------------------------
values [row=43]:

292.56
295.27
292.56
294.8
294.8
4.57481e+07

--------------------------

--------------------------
input_tensor:
 2.9256e+02
 2.9527e+02
 2.9256e+02
 2.9480e+02
 2.9480e+02
 4.5748e+07
[ CPUFloatType{6} ]
--------------------------

--------------------------
input [after forward method calling]:
2.55545e+06
[ CPUFloatType{1} ]
--------------------------

Print each value from every line of csv file.

line: 0
line: 1
-------------------
value:[313.76]
-------------------
-------------------
value:[316.19]
-------------------
-------------------
value:[311.91]
-------------------
-------------------
value:[314.86]
-------------------
-------------------
value:[314.86]
-------------------
-------------------
value:[3.63368e+07]
-------------------

line: 2
-------------------
value:[317.02]
-------------------
-------------------
value:[323.45]
-------------------
-------------------
value:[315.78]
-------------------
-------------------
value:[317.31]
-------------------
-------------------
value:[317.31]
-------------------
-------------------
value:[4.32578e+07]
-------------------

line: 3
-------------------
value:[314.72]
-------------------
-------------------
value:[316.91]
-------------------
-------------------
value:[312.17]
-------------------
-------------------
value:[315.32]
-------------------
-------------------
value:[315.32]
-------------------
-------------------
value:[3.41323e+07]
-------------------

line: 4
-------------------
value:[310.51]
-------------------
-------------------
value:[316.53]
-------------------
-------------------
value:[308.16]
-------------------
-------------------
value:[316.22]
-------------------
-------------------
value:[316.22]
-------------------
-------------------
value:[4.81245e+07]
-------------------

line: 5
-------------------
value:[311.91]
-------------------
-------------------
value:[314.82]
-------------------
-------------------
value:[307.05]
-------------------
-------------------
value:[313.39]
-------------------
-------------------
value:[313.39]
-------------------
-------------------
value:[4.13235e+07]
-------------------

line: 6
-------------------
value:[315.29]
-------------------
-------------------
value:[315.48]
-------------------
-------------------
value:[310.15]
-------------------
-------------------
value:[310.66]
-------------------
-------------------
value:[310.66]
-------------------
-------------------
value:[4.249e+07]
-------------------

line: 7
-------------------
value:[307.36]
-------------------
-------------------
value:[314.2]
-------------------
-------------------
value:[307]
-------------------
-------------------
value:[312.66]
-------------------
-------------------
value:[312.66]
-------------------
-------------------
value:[5.359e+07]
-------------------

line: 8
-------------------
value:[294.12]
-------------------
-------------------
value:[309.42]
-------------------
-------------------
value:[293.68]
-------------------
-------------------
value:[308.63]
-------------------
-------------------
value:[308.63]
-------------------
-------------------
value:[7.53528e+07]
-------------------

line: 9
-------------------
value:[293.44]
-------------------
-------------------
value:[296.59]
-------------------
-------------------
value:[289.2]
-------------------
-------------------
value:[294.38]
-------------------
-------------------
value:[294.38]
-------------------
-------------------
value:[5.01642e+07]
-------------------

line: 10
-------------------
value:[281.17]
-------------------
-------------------
value:[289.94]
-------------------
-------------------
value:[280.7]
-------------------
-------------------
value:[289.36]
-------------------
-------------------
value:[289.36]
-------------------
-------------------
value:[6.51002e+07]
-------------------

line: 11
-------------------
value:[286.73]
-------------------
-------------------
value:[288.37]
-------------------
-------------------
value:[279.85]
-------------------
-------------------
value:[281.74]
-------------------
-------------------
value:[281.74]
-------------------
-------------------
value:[6.6427e+07]
-------------------

line: 12
-------------------
value:[275]
-------------------
-------------------
value:[285.95]
-------------------
-------------------
value:[274.21]
-------------------
-------------------
value:[283.78]
-------------------
-------------------
value:[283.78]
-------------------
-------------------
value:[2.61776e+08]
-------------------

line: 13
-------------------
value:[287.4]
-------------------
-------------------
value:[288.8]
-------------------
-------------------
value:[273.75]
-------------------
-------------------
value:[275.15]
-------------------
-------------------
value:[275.15]
-------------------
-------------------
value:[1.07014e+08]
-------------------

line: 14
-------------------
value:[295.36]
-------------------
-------------------
value:[299.7]
-------------------
-------------------
value:[292.94]
-------------------
-------------------
value:[293.08]
-------------------
-------------------
value:[293.08]
-------------------
-------------------
value:[5.30819e+07]
-------------------

line: 15
-------------------
value:[297.54]
-------------------
-------------------
value:[301.64]
-------------------
-------------------
value:[294.18]
-------------------
-------------------
value:[294.3]
-------------------
-------------------
value:[294.3]
-------------------
-------------------
value:[5.20109e+07]
-------------------

line: 16
-------------------
value:[297.31]
-------------------
-------------------
value:[302.42]
-------------------
-------------------
value:[296.76]
-------------------
-------------------
value:[297.01]
-------------------
-------------------
value:[297.01]
-------------------
-------------------
value:[4.48799e+07]
-------------------

line: 17
-------------------
value:[298.11]
-------------------
-------------------
value:[300.57]
-------------------
-------------------
value:[295.62]
-------------------
-------------------
value:[298.01]
-------------------
-------------------
value:[298.01]
-------------------
-------------------
value:[8.59622e+07]
-------------------

line: 18
-------------------
value:[300.85]
-------------------
-------------------
value:[302.07]
-------------------
-------------------
value:[294.36]
-------------------
-------------------
value:[295.95]
-------------------
-------------------
value:[295.95]
-------------------
-------------------
value:[4.27451e+07]
-------------------

line: 19
-------------------
value:[295.25]
-------------------
-------------------
value:[300.48]
-------------------
-------------------
value:[293.97]
-------------------
-------------------
value:[299.24]
-------------------
-------------------
value:[299.24]
-------------------
-------------------
value:[3.98744e+07]
-------------------

line: 20
-------------------
value:[294.12]
-------------------
-------------------
value:[297.78]
-------------------
-------------------
value:[291.7]
-------------------
-------------------
value:[296.42]
-------------------
-------------------
value:[296.42]
-------------------
-------------------
value:[4.57326e+07]
-------------------

line: 21
-------------------
value:[296.03]
-------------------
-------------------
value:[297.14]
-------------------
-------------------
value:[289.62]
-------------------
-------------------
value:[291.13]
-------------------
-------------------
value:[291.13]
-------------------
-------------------
value:[3.87421e+07]
-------------------

line: 22
-------------------
value:[293.72]
-------------------
-------------------
value:[297]
-------------------
-------------------
value:[289.59]
-------------------
-------------------
value:[295.63]
-------------------
-------------------
value:[295.63]
-------------------
-------------------
value:[4.25725e+07]
-------------------

line: 23
-------------------
value:[290.74]
-------------------
-------------------
value:[294.75]
-------------------
-------------------
value:[287.38]
-------------------
-------------------
value:[291.58]
-------------------
-------------------
value:[291.58]
-------------------
-------------------
value:[5.27933e+07]
-------------------

line: 24
-------------------
value:[300.28]
-------------------
-------------------
value:[300.75]
-------------------
-------------------
value:[287.78]
-------------------
-------------------
value:[290.55]
-------------------
-------------------
value:[290.55]
-------------------
-------------------
value:[7.01088e+07]
-------------------

line: 25
-------------------
value:[308.74]
-------------------
-------------------
value:[317.4]
-------------------
-------------------
value:[301.17]
-------------------
-------------------
value:[301.54]
-------------------
-------------------
value:[301.54]
-------------------
-------------------
value:[7.79491e+07]
-------------------

line: 26
-------------------
value:[312.86]
-------------------
-------------------
value:[315.17]
-------------------
-------------------
value:[307.15]
-------------------
-------------------
value:[307.34]
-------------------
-------------------
value:[307.34]
-------------------
-------------------
value:[6.53105e+07]
-------------------

line: 27
-------------------
value:[313.23]
-------------------
-------------------
value:[313.54]
-------------------
-------------------
value:[309.65]
-------------------
-------------------
value:[311.23]
-------------------
-------------------
value:[311.23]
-------------------
-------------------
value:[4.48691e+07]
-------------------

line: 28
-------------------
value:[314.18]
-------------------
-------------------
value:[316.94]
-------------------
-------------------
value:[308.85]
-------------------
-------------------
value:[310.26]
-------------------
-------------------
value:[310.26]
-------------------
-------------------
value:[5.08367e+07]
-------------------

line: 29
-------------------
value:[307.46]
-------------------
-------------------
value:[315.45]
-------------------
-------------------
value:[306.69]
-------------------
-------------------
value:[315.2]
-------------------
-------------------
value:[315.2]
-------------------
-------------------
value:[4.45347e+07]
-------------------

line: 30
-------------------
value:[309.63]
-------------------
-------------------
value:[310.94]
-------------------
-------------------
value:[305.02]
-------------------
-------------------
value:[306.31]
-------------------
-------------------
value:[306.31]
-------------------
-------------------
value:[4.88499e+07]
-------------------

line: 31
-------------------
value:[311.78]
-------------------
-------------------
value:[315]
-------------------
-------------------
value:[309.53]
-------------------
-------------------
value:[312.06]
-------------------
-------------------
value:[312.06]
-------------------
-------------------
value:[7.00268e+07]
-------------------

line: 32
-------------------
value:[310.68]
-------------------
-------------------
value:[312.8]
-------------------
-------------------
value:[309.57]
-------------------
-------------------
value:[312.51]
-------------------
-------------------
value:[312.51]
-------------------
-------------------
value:[4.82204e+07]
-------------------

line: 33
-------------------
value:[308.33]
-------------------
-------------------
value:[313.26]
-------------------
-------------------
value:[308.3]
-------------------
-------------------
value:[310.85]
-------------------
-------------------
value:[310.85]
-------------------
-------------------
value:[5.04309e+07]
-------------------

line: 34
-------------------
value:[309.56]
-------------------
-------------------
value:[311.82]
-------------------
-------------------
value:[307.67]
-------------------
-------------------
value:[308.33]
-------------------
-------------------
value:[308.33]
-------------------
-------------------
value:[4.80005e+07]
-------------------

line: 35
-------------------
value:[306.12]
-------------------
-------------------
value:[311.4]
-------------------
-------------------
value:[305.84]
-------------------
-------------------
value:[308.82]
-------------------
-------------------
value:[308.82]
-------------------
-------------------
value:[4.36702e+07]
-------------------

line: 36
-------------------
value:[301.06]
-------------------
-------------------
value:[305.54]
-------------------
-------------------
value:[300.4]
-------------------
-------------------
value:[304.99]
-------------------
-------------------
value:[304.99]
-------------------
-------------------
value:[4.29651e+07]
-------------------

line: 37
-------------------
value:[298.18]
-------------------
-------------------
value:[302.8]
-------------------
-------------------
value:[298.08]
-------------------
-------------------
value:[302.25]
-------------------
-------------------
value:[302.25]
-------------------
-------------------
value:[3.82298e+07]
-------------------

line: 38
-------------------
value:[296.97]
-------------------
-------------------
value:[300.51]
-------------------
-------------------
value:[296.35]
-------------------
-------------------
value:[298.97]
-------------------
-------------------
value:[298.97]
-------------------
-------------------
value:[4.22436e+07]
-------------------

line: 39
-------------------
value:[300.24]
-------------------
-------------------
value:[300.66]
-------------------
-------------------
value:[294.91]
-------------------
-------------------
value:[297.84]
-------------------
-------------------
value:[297.84]
-------------------
-------------------
value:[3.4483e+07]
-------------------

line: 40
-------------------
value:[297.9]
-------------------
-------------------
value:[303.2]
-------------------
-------------------
value:[296.52]
-------------------
-------------------
value:[300.23]
-------------------
-------------------
value:[300.23]
-------------------
-------------------
value:[5.48628e+07]
-------------------

line: 41
-------------------
value:[299.82]
-------------------
-------------------
value:[300.45]
-------------------
-------------------
value:[295.38]
-------------------
-------------------
value:[298.21]
-------------------
-------------------
value:[298.21]
-------------------
-------------------
value:[3.53249e+07]
-------------------

line: 42
-------------------
value:[293.5]
-------------------
-------------------
value:[300.92]
-------------------
-------------------
value:[293.5]
-------------------
-------------------
value:[298.87]
-------------------
-------------------
value:[298.87]
-------------------
-------------------
value:[5.26843e+07]
-------------------

line: 43
-------------------
value:[292.56]
-------------------
-------------------
value:[295.27]
-------------------
-------------------
value:[292.56]
-------------------
-------------------
value:[294.8]
-------------------
-------------------
value:[294.8]
-------------------
-------------------
value:[4.57481e+07]
-------------------



--------------------------
values [row=1]:

313.76
316.19
311.91
314.86
314.86
3.63368e+07

--------------------------

--------------------------
input_tensor:
 3.1376e+02
 3.1619e+02
 3.1191e+02
 3.1486e+02
 3.1486e+02
 3.6337e+07
[ CPUFloatType{6} ]
--------------------------

--------------------------
input [after forward method calling]:
-5.01043e+06
[ CPUFloatType{1} ]
--------------------------

--------------------------
values [row=2]:

317.02
323.45
315.78
317.31
317.31
4.32578e+07

--------------------------

--------------------------
input_tensor:
 3.1702e+02
 3.2345e+02
 3.1578e+02
 3.1731e+02
 3.1731e+02
 4.3258e+07
[ CPUFloatType{6} ]
--------------------------

--------------------------
input [after forward method calling]:
-5.96476e+06
[ CPUFloatType{1} ]
--------------------------

--------------------------
values [row=3]:

314.72
316.91
312.17
315.32
315.32
3.41323e+07

--------------------------

--------------------------
input_tensor:
 3.1472e+02
 3.1691e+02
 3.1217e+02
 3.1532e+02
 3.1532e+02
 3.4132e+07
[ CPUFloatType{6} ]
--------------------------

--------------------------
input [after forward method calling]:
-4.70645e+06
[ CPUFloatType{1} ]
--------------------------

--------------------------
values [row=4]:

310.51
316.53
308.16
316.22
316.22
4.81245e+07

--------------------------

--------------------------
input_tensor:
 3.1051e+02
 3.1653e+02
 3.0816e+02
 3.1622e+02
 3.1622e+02
 4.8124e+07
[ CPUFloatType{6} ]
--------------------------

--------------------------
input [after forward method calling]:
1000000 *
-6.6358
[ CPUFloatType{1} ]
--------------------------

--------------------------
values [row=5]:

311.91
314.82
307.05
313.39
313.39
4.13235e+07

--------------------------

--------------------------
input_tensor:
 3.1191e+02
 3.1482e+02
 3.0705e+02
 3.1339e+02
 3.1339e+02
 4.1324e+07
[ CPUFloatType{6} ]
--------------------------

--------------------------
input [after forward method calling]:
1000000 *
-5.6980
[ CPUFloatType{1} ]
--------------------------

--------------------------
values [row=6]:

315.29
315.48
310.15
310.66
310.66
4.249e+07

--------------------------

--------------------------
input_tensor:
 3.1529e+02
 3.1548e+02
 3.1015e+02
 3.1066e+02
 3.1066e+02
 4.2490e+07
[ CPUFloatType{6} ]
--------------------------

--------------------------
input [after forward method calling]:
-5.85889e+06
[ CPUFloatType{1} ]
--------------------------

--------------------------
values [row=7]:

307.36
314.2
307
312.66
312.66
5.359e+07

--------------------------

--------------------------
input_tensor:
 3.0736e+02
 3.1420e+02
 3.0700e+02
 3.1266e+02
 3.1266e+02
 5.3590e+07
[ CPUFloatType{6} ]
--------------------------

--------------------------
input [after forward method calling]:
-7.38945e+06
[ CPUFloatType{1} ]
--------------------------

--------------------------
values [row=8]:

294.12
309.42
293.68
308.63
308.63
7.53528e+07

--------------------------

--------------------------
input_tensor:
 2.9412e+02
 3.0942e+02
 2.9368e+02
 3.0863e+02
 3.0863e+02
 7.5353e+07
[ CPUFloatType{6} ]
--------------------------

--------------------------
input [after forward method calling]:
-1.03903e+07
[ CPUFloatType{1} ]
--------------------------

--------------------------
values [row=9]:

293.44
296.59
289.2
294.38
294.38
5.01642e+07

--------------------------

--------------------------
input_tensor:
 2.9344e+02
 2.9659e+02
 2.8920e+02
 2.9438e+02
 2.9438e+02
 5.0164e+07
[ CPUFloatType{6} ]
--------------------------

--------------------------
input [after forward method calling]:
1000000 *
-6.9171
[ CPUFloatType{1} ]
--------------------------

--------------------------
values [row=10]:

281.17
289.94
280.7
289.36
289.36
6.51002e+07

--------------------------

--------------------------
input_tensor:
 2.8117e+02
 2.8994e+02
 2.8070e+02
 2.8936e+02
 2.8936e+02
 6.5100e+07
[ CPUFloatType{6} ]
--------------------------

--------------------------
input [after forward method calling]:
-8.97658e+06
[ CPUFloatType{1} ]
--------------------------

--------------------------
values [row=11]:

286.73
288.37
279.85
281.74
281.74
6.6427e+07

--------------------------

--------------------------
input_tensor:
 2.8673e+02
 2.8837e+02
 2.7985e+02
 2.8174e+02
 2.8174e+02
 6.6427e+07
[ CPUFloatType{6} ]
--------------------------

--------------------------
input [after forward method calling]:
-9.15953e+06
[ CPUFloatType{1} ]
--------------------------

--------------------------
values [row=12]:

275
285.95
274.21
283.78
283.78
2.61776e+08

--------------------------

--------------------------
input_tensor:
 2.7500e+02
 2.8595e+02
 2.7421e+02
 2.8378e+02
 2.8378e+02
 2.6178e+08
[ CPUFloatType{6} ]
--------------------------

--------------------------
input [after forward method calling]:
-3.60959e+07
[ CPUFloatType{1} ]
--------------------------

--------------------------
values [row=13]:

287.4
288.8
273.75
275.15
275.15
1.07014e+08

--------------------------

--------------------------
input_tensor:
 2.8740e+02
 2.8880e+02
 2.7375e+02
 2.7515e+02
 2.7515e+02
 1.0701e+08
[ CPUFloatType{6} ]
--------------------------

--------------------------
input [after forward method calling]:
-1.4756e+07
[ CPUFloatType{1} ]
--------------------------

--------------------------
values [row=14]:

295.36
299.7
292.94
293.08
293.08
5.30819e+07

--------------------------

--------------------------
input_tensor:
 2.9536e+02
 2.9970e+02
 2.9294e+02
 2.9308e+02
 2.9308e+02
 5.3082e+07
[ CPUFloatType{6} ]
--------------------------

--------------------------
input [after forward method calling]:
-7.31939e+06
[ CPUFloatType{1} ]
--------------------------

--------------------------
values [row=15]:

297.54
301.64
294.18
294.3
294.3
5.20109e+07

--------------------------

--------------------------
input_tensor:
 2.9754e+02
 3.0164e+02
 2.9418e+02
 2.9430e+02
 2.9430e+02
 5.2011e+07
[ CPUFloatType{6} ]
--------------------------

--------------------------
input [after forward method calling]:
-7.17171e+06
[ CPUFloatType{1} ]
--------------------------

--------------------------
values [row=16]:

297.31
302.42
296.76
297.01
297.01
4.48799e+07

--------------------------

--------------------------
input_tensor:
 2.9731e+02
 3.0242e+02
 2.9676e+02
 2.9701e+02
 2.9701e+02
 4.4880e+07
[ CPUFloatType{6} ]
--------------------------

--------------------------
input [after forward method calling]:
-6.18843e+06
[ CPUFloatType{1} ]
--------------------------

--------------------------
values [row=17]:

298.11
300.57
295.62
298.01
298.01
8.59622e+07

--------------------------

--------------------------
input_tensor:
 2.9811e+02
 3.0057e+02
 2.9562e+02
 2.9801e+02
 2.9801e+02
 8.5962e+07
[ CPUFloatType{6} ]
--------------------------

--------------------------
input [after forward method calling]:
-1.18532e+07
[ CPUFloatType{1} ]
--------------------------

--------------------------
values [row=18]:

300.85
302.07
294.36
295.95
295.95
4.27451e+07

--------------------------

--------------------------
input_tensor:
 3.0085e+02
 3.0207e+02
 2.9436e+02
 2.9595e+02
 2.9595e+02
 4.2745e+07
[ CPUFloatType{6} ]
--------------------------

--------------------------
input [after forward method calling]:
-5.89406e+06
[ CPUFloatType{1} ]
--------------------------

--------------------------
values [row=19]:

295.25
300.48
293.97
299.24
299.24
3.98744e+07

--------------------------

--------------------------
input_tensor:
 2.9525e+02
 3.0048e+02
 2.9397e+02
 2.9924e+02
 2.9924e+02
 3.9874e+07
[ CPUFloatType{6} ]
--------------------------

--------------------------
input [after forward method calling]:
-5.49823e+06
[ CPUFloatType{1} ]
--------------------------

--------------------------
values [row=20]:

294.12
297.78
291.7
296.42
296.42
4.57326e+07

--------------------------

--------------------------
input_tensor:
 2.9412e+02
 2.9778e+02
 2.9170e+02
 2.9642e+02
 2.9642e+02
 4.5733e+07
[ CPUFloatType{6} ]
--------------------------

--------------------------
input [after forward method calling]:
-6.306e+06
[ CPUFloatType{1} ]
--------------------------

--------------------------
values [row=21]:

296.03
297.14
289.62
291.13
291.13
3.87421e+07

--------------------------

--------------------------
input_tensor:
 2.9603e+02
 2.9714e+02
 2.8962e+02
 2.9113e+02
 2.9113e+02
 3.8742e+07
[ CPUFloatType{6} ]
--------------------------

--------------------------
input [after forward method calling]:
-5.34209e+06
[ CPUFloatType{1} ]
--------------------------

--------------------------
values [row=22]:

293.72
297
289.59
295.63
295.63
4.25725e+07

--------------------------

--------------------------
input_tensor:
 2.9372e+02
 2.9700e+02
 2.8959e+02
 2.9563e+02
 2.9563e+02
 4.2572e+07
[ CPUFloatType{6} ]
--------------------------

--------------------------
input [after forward method calling]:
-5.87026e+06
[ CPUFloatType{1} ]
--------------------------

--------------------------
values [row=23]:

290.74
294.75
287.38
291.58
291.58
5.27933e+07

--------------------------

--------------------------
input_tensor:
 2.9074e+02
 2.9475e+02
 2.8738e+02
 2.9158e+02
 2.9158e+02
 5.2793e+07
[ CPUFloatType{6} ]
--------------------------

--------------------------
input [after forward method calling]:
-7.2796e+06
[ CPUFloatType{1} ]
--------------------------

--------------------------
values [row=24]:

300.28
300.75
287.78
290.55
290.55
7.01088e+07

--------------------------

--------------------------
input_tensor:
 3.0028e+02
 3.0075e+02
 2.8778e+02
 2.9055e+02
 2.9055e+02
 7.0109e+07
[ CPUFloatType{6} ]
--------------------------

--------------------------
input [after forward method calling]:
-9.66721e+06
[ CPUFloatType{1} ]
--------------------------

--------------------------
values [row=25]:

308.74
317.4
301.17
301.54
301.54
7.79491e+07

--------------------------

--------------------------
input_tensor:
 3.0874e+02
 3.1740e+02
 3.0117e+02
 3.0154e+02
 3.0154e+02
 7.7949e+07
[ CPUFloatType{6} ]
--------------------------

--------------------------
input [after forward method calling]:
-1.07483e+07
[ CPUFloatType{1} ]
--------------------------

--------------------------
values [row=26]:

312.86
315.17
307.15
307.34
307.34
6.53105e+07

--------------------------

--------------------------
input_tensor:
 3.1286e+02
 3.1517e+02
 3.0715e+02
 3.0734e+02
 3.0734e+02
 6.5310e+07
[ CPUFloatType{6} ]
--------------------------

--------------------------
input [after forward method calling]:
-9.00558e+06
[ CPUFloatType{1} ]
--------------------------

--------------------------
values [row=27]:

313.23
313.54
309.65
311.23
311.23
4.48691e+07

--------------------------

--------------------------
input_tensor:
 3.1323e+02
 3.1354e+02
 3.0965e+02
 3.1123e+02
 3.1123e+02
 4.4869e+07
[ CPUFloatType{6} ]
--------------------------

--------------------------
input [after forward method calling]:
-6.18694e+06
[ CPUFloatType{1} ]
--------------------------

--------------------------
values [row=28]:

314.18
316.94
308.85
310.26
310.26
5.08367e+07

--------------------------

--------------------------
input_tensor:
 3.1418e+02
 3.1694e+02
 3.0885e+02
 3.1026e+02
 3.1026e+02
 5.0837e+07
[ CPUFloatType{6} ]
--------------------------

--------------------------
input [after forward method calling]:
-7.0098e+06
[ CPUFloatType{1} ]
--------------------------

--------------------------
values [row=29]:

307.46
315.45
306.69
315.2
315.2
4.45347e+07

--------------------------

--------------------------
input_tensor:
 3.0746e+02
 3.1545e+02
 3.0669e+02
 3.1520e+02
 3.1520e+02
 4.4535e+07
[ CPUFloatType{6} ]
--------------------------

--------------------------
input [after forward method calling]:
-6.14083e+06
[ CPUFloatType{1} ]
--------------------------

--------------------------
values [row=30]:

309.63
310.94
305.02
306.31
306.31
4.88499e+07

--------------------------

--------------------------
input_tensor:
 3.0963e+02
 3.1094e+02
 3.0502e+02
 3.0631e+02
 3.0631e+02
 4.8850e+07
[ CPUFloatType{6} ]
--------------------------

--------------------------
input [after forward method calling]:
-6.73585e+06
[ CPUFloatType{1} ]
--------------------------

--------------------------
values [row=31]:

311.78
315
309.53
312.06
312.06
7.00268e+07

--------------------------

--------------------------
input_tensor:
 3.1178e+02
 3.1500e+02
 3.0953e+02
 3.1206e+02
 3.1206e+02
 7.0027e+07
[ CPUFloatType{6} ]
--------------------------

--------------------------
input [after forward method calling]:
-9.6559e+06
[ CPUFloatType{1} ]
--------------------------

--------------------------
values [row=32]:

310.68
312.8
309.57
312.51
312.51
4.82204e+07

--------------------------

--------------------------
input_tensor:
 3.1068e+02
 3.1280e+02
 3.0957e+02
 3.1251e+02
 3.1251e+02
 4.8220e+07
[ CPUFloatType{6} ]
--------------------------

--------------------------
input [after forward method calling]:
-6.64904e+06
[ CPUFloatType{1} ]
--------------------------

--------------------------
values [row=33]:

308.33
313.26
308.3
310.85
310.85
5.04309e+07

--------------------------

--------------------------
input_tensor:
 3.0833e+02
 3.1326e+02
 3.0830e+02
 3.1085e+02
 3.1085e+02
 5.0431e+07
[ CPUFloatType{6} ]
--------------------------

--------------------------
input [after forward method calling]:
-6.95385e+06
[ CPUFloatType{1} ]
--------------------------

--------------------------
values [row=34]:

309.56
311.82
307.67
308.33
308.33
4.80005e+07

--------------------------

--------------------------
input_tensor:
 3.0956e+02
 3.1182e+02
 3.0767e+02
 3.0833e+02
 3.0833e+02
 4.8000e+07
[ CPUFloatType{6} ]
--------------------------

--------------------------
input [after forward method calling]:
-6.61872e+06
[ CPUFloatType{1} ]
--------------------------

--------------------------
values [row=35]:

306.12
311.4
305.84
308.82
308.82
4.36702e+07

--------------------------

--------------------------
input_tensor:
 3.0612e+02
 3.1140e+02
 3.0584e+02
 3.0882e+02
 3.0882e+02
 4.3670e+07
[ CPUFloatType{6} ]
--------------------------

--------------------------
input [after forward method calling]:
-6.02162e+06
[ CPUFloatType{1} ]
--------------------------

--------------------------
values [row=36]:

301.06
305.54
300.4
304.99
304.99
4.29651e+07

--------------------------

--------------------------
input_tensor:
 3.0106e+02
 3.0554e+02
 3.0040e+02
 3.0499e+02
 3.0499e+02
 4.2965e+07
[ CPUFloatType{6} ]
--------------------------

--------------------------
input [after forward method calling]:
1000000 *
-5.9244
[ CPUFloatType{1} ]
--------------------------

--------------------------
values [row=37]:

298.18
302.8
298.08
302.25
302.25
3.82298e+07

--------------------------

--------------------------
input_tensor:
 2.9818e+02
 3.0280e+02
 2.9808e+02
 3.0225e+02
 3.0225e+02
 3.8230e+07
[ CPUFloatType{6} ]
--------------------------

--------------------------
input [after forward method calling]:
1000000 *
-5.2715
[ CPUFloatType{1} ]
--------------------------

--------------------------
values [row=38]:

296.97
300.51
296.35
298.97
298.97
4.22436e+07

--------------------------

--------------------------
input_tensor:
 2.9697e+02
 3.0051e+02
 2.9635e+02
 2.9897e+02
 2.9897e+02
 4.2244e+07
[ CPUFloatType{6} ]
--------------------------

--------------------------
input [after forward method calling]:
-5.82491e+06
[ CPUFloatType{1} ]
--------------------------

--------------------------
values [row=39]:

300.24
300.66
294.91
297.84
297.84
3.4483e+07

--------------------------

--------------------------
input_tensor:
 3.0024e+02
 3.0066e+02
 2.9491e+02
 2.9784e+02
 2.9784e+02
 3.4483e+07
[ CPUFloatType{6} ]
--------------------------

--------------------------
input [after forward method calling]:
1000000 *
-4.7548
[ CPUFloatType{1} ]
--------------------------

--------------------------
values [row=40]:

297.9
303.2
296.52
300.23
300.23
5.48628e+07

--------------------------

--------------------------
input_tensor:
 2.9790e+02
 3.0320e+02
 2.9652e+02
 3.0023e+02
 3.0023e+02
 5.4863e+07
[ CPUFloatType{6} ]
--------------------------

--------------------------
input [after forward method calling]:
-7.56496e+06
[ CPUFloatType{1} ]
--------------------------

--------------------------
values [row=41]:

299.82
300.45
295.38
298.21
298.21
3.53249e+07

--------------------------

--------------------------
input_tensor:
 2.9982e+02
 3.0045e+02
 2.9538e+02
 2.9821e+02
 2.9821e+02
 3.5325e+07
[ CPUFloatType{6} ]
--------------------------

--------------------------
input [after forward method calling]:
-4.8709e+06
[ CPUFloatType{1} ]
--------------------------

--------------------------
values [row=42]:

293.5
300.92
293.5
298.87
298.87
5.26843e+07

--------------------------

--------------------------
input_tensor:
 2.9350e+02
 3.0092e+02
 2.9350e+02
 2.9887e+02
 2.9887e+02
 5.2684e+07
[ CPUFloatType{6} ]
--------------------------

--------------------------
input [after forward method calling]:
-7.26457e+06
[ CPUFloatType{1} ]
--------------------------

--------------------------
values [row=43]:

292.56
295.27
292.56
294.8
294.8
4.57481e+07

--------------------------

--------------------------
input_tensor:
 2.9256e+02
 2.9527e+02
 2.9256e+02
 2.9480e+02
 2.9480e+02
 4.5748e+07
[ CPUFloatType{6} ]
--------------------------

--------------------------
input [after forward method calling]:
-6.30814e+06
[ CPUFloatType{1} ]
--------------------------

